# JRE version: OpenJDK Runtime Environment Temurin-17.0.10+7 (17.0.10+7) (build 17.0.10+7)
# Java VM: OpenJDK 64-Bit Server VM Temurin-17.0.10+7 (17.0.10+7, mixed mode, emulated-client, tiered, compressed oops, compressed class ptrs, g1 gc, windows-amd64)
GC Precious Log:
 CPUs: 2 total, 2 available
 Memory: 6403M
 Large Page Support: Disabled
 NUMA Support: Disabled
 Compressed Oops: Enabled (32-bit)
 Heap Region Size: 1M
 Heap Min Capacity: 8M
 Heap Initial Capacity: 102M
 Heap Max Capacity: 1602M
 Pre-touch: Disabled
 Parallel Workers: 2
 Concurrent Workers: 1
 Concurrent Refinement Workers: 2
 Periodic GC: Disabled
Heap:
 garbage-first heap   total 156672K, used 118772K [0x000000009be00000, 0x0000000100000000)
  region size 1024K, 13 young (13312K), 1 survivors (1024K)
 Metaspace       used 55716K, committed 56512K, reserved 1114112K
  class space    used 6757K, committed 7040K, reserved 1048576K
GC Heap History (20 events):
Event: 200.265 GC heap before
{Heap before GC invocations=23 (full 0):
 garbage-first heap   total 86016K, used 67031K [0x000000009be00000, 0x0000000100000000)
  region size 1024K, 31 young (31744K), 4 survivors (4096K)
 Metaspace       used 52196K, committed 52672K, reserved 1114112K
  class space    used 6444K, committed 6656K, reserved 1048576K
}
Event: 200.296 GC heap after
{Heap after GC invocations=24 (full 0):
 garbage-first heap   total 86016K, used 37712K [0x000000009be00000, 0x0000000100000000)
  region size 1024K, 3 young (3072K), 3 survivors (3072K)
 Metaspace       used 52196K, committed 52672K, reserved 1114112K
  class space    used 6444K, committed 6656K, reserved 1048576K
}
Event: 222.101 GC heap before
{Heap before GC invocations=24 (full 0):
 garbage-first heap   total 86016K, used 64336K [0x000000009be00000, 0x0000000100000000)
  region size 1024K, 28 young (28672K), 3 survivors (3072K)
 Metaspace       used 55916K, committed 56384K, reserved 1114112K
  class space    used 6812K, committed 7040K, reserved 1048576K
}
Event: 222.121 GC heap after
{Heap after GC invocations=25 (full 0):
 garbage-first heap   total 86016K, used 39761K [0x000000009be00000, 0x0000000100000000)
  region size 1024K, 2 young (2048K), 2 survivors (2048K)
 Metaspace       used 55916K, committed 56384K, reserved 1114112K
  class space    used 6812K, committed 7040K, reserved 1048576K
}
Event: 226.655 GC heap before
{Heap before GC invocations=26 (full 0):
 garbage-first heap   total 130048K, used 98129K [0x000000009be00000, 0x0000000100000000)
  region size 1024K, 26 young (26624K), 2 survivors (2048K)
 Metaspace       used 55614K, committed 56384K, reserved 1114112K
  class space    used 6746K, committed 7040K, reserved 1048576K
}
Event: 226.676 GC heap after
{Heap after GC invocations=27 (full 0):
 garbage-first heap   total 130048K, used 74715K [0x000000009be00000, 0x0000000100000000)
  region size 1024K, 2 young (2048K), 2 survivors (2048K)
 Metaspace       used 55614K, committed 56384K, reserved 1114112K
  class space    used 6746K, committed 7040K, reserved 1048576K
}
Event: 226.814 GC heap before
{Heap before GC invocations=27 (full 0):
 garbage-first heap   total 130048K, used 77787K [0x000000009be00000, 0x0000000100000000)
  region size 1024K, 6 young (6144K), 2 survivors (2048K)
 Metaspace       used 55614K, committed 56384K, reserved 1114112K
  class space    used 6746K, committed 7040K, reserved 1048576K
}
Event: 226.828 GC heap after
{Heap after GC invocations=28 (full 0):
 garbage-first heap   total 130048K, used 74520K [0x000000009be00000, 0x0000000100000000)
  region size 1024K, 1 young (1024K), 1 survivors (1024K)
 Metaspace       used 55614K, committed 56384K, reserved 1114112K
  class space    used 6746K, committed 7040K, reserved 1048576K
}
Event: 230.049 GC heap before
{Heap before GC invocations=28 (full 0):
 garbage-first heap   total 130048K, used 109336K [0x000000009be00000, 0x0000000100000000)
  region size 1024K, 35 young (35840K), 1 survivors (1024K)
 Metaspace       used 55614K, committed 56384K, reserved 1114112K
  class space    used 6746K, committed 7040K, reserved 1048576K
}
Event: 230.061 GC heap after
{Heap after GC invocations=29 (full 0):
 garbage-first heap   total 130048K, used 74314K [0x000000009be00000, 0x0000000100000000)
  region size 1024K, 1 young (1024K), 1 survivors (1024K)
 Metaspace       used 55614K, committed 56384K, reserved 1114112K
  class space    used 6746K, committed 7040K, reserved 1048576K
}
Event: 232.492 GC heap before
{Heap before GC invocations=30 (full 0):
 garbage-first heap   total 130048K, used 110154K [0x000000009be00000, 0x0000000100000000)
  region size 1024K, 36 young (36864K), 1 survivors (1024K)
 Metaspace       used 55611K, committed 56384K, reserved 1114112K
  class space    used 6745K, committed 7040K, reserved 1048576K
}
Event: 232.504 GC heap after
{Heap after GC invocations=31 (full 0):
 garbage-first heap   total 130048K, used 74279K [0x000000009be00000, 0x0000000100000000)
  region size 1024K, 1 young (1024K), 1 survivors (1024K)
 Metaspace       used 55611K, committed 56384K, reserved 1114112K
  class space    used 6745K, committed 7040K, reserved 1048576K
}
Event: 233.308 GC heap before
{Heap before GC invocations=31 (full 0):
 garbage-first heap   total 130048K, used 79399K [0x000000009be00000, 0x0000000100000000)
  region size 1024K, 6 young (6144K), 1 survivors (1024K)
 Metaspace       used 55611K, committed 56384K, reserved 1114112K
  class space    used 6745K, committed 7040K, reserved 1048576K
}
Event: 233.335 GC heap after
{Heap after GC invocations=32 (full 0):
 garbage-first heap   total 130048K, used 73045K [0x000000009be00000, 0x0000000100000000)
  region size 1024K, 1 young (1024K), 1 survivors (1024K)
 Metaspace       used 55611K, committed 56384K, reserved 1114112K
  class space    used 6745K, committed 7040K, reserved 1048576K
}
Event: 236.446 GC heap before
{Heap before GC invocations=32 (full 0):
 garbage-first heap   total 130048K, used 110933K [0x000000009be00000, 0x0000000100000000)
  region size 1024K, 38 young (38912K), 1 survivors (1024K)
 Metaspace       used 55611K, committed 56384K, reserved 1114112K
  class space    used 6745K, committed 7040K, reserved 1048576K
}
Event: 236.460 GC heap after
{Heap after GC invocations=33 (full 0):
 garbage-first heap   total 156672K, used 73052K [0x000000009be00000, 0x0000000100000000)
  region size 1024K, 1 young (1024K), 1 survivors (1024K)
 Metaspace       used 55611K, committed 56384K, reserved 1114112K
  class space    used 6745K, committed 7040K, reserved 1048576K
}
Event: 240.844 GC heap before
{Heap before GC invocations=34 (full 0):
 garbage-first heap   total 156672K, used 133468K [0x000000009be00000, 0x0000000100000000)
  region size 1024K, 60 young (61440K), 1 survivors (1024K)
 Metaspace       used 55611K, committed 56384K, reserved 1114112K
  class space    used 6745K, committed 7040K, reserved 1048576K
}
Event: 240.856 GC heap after
{Heap after GC invocations=35 (full 0):
 garbage-first heap   total 156672K, used 73055K [0x000000009be00000, 0x0000000100000000)
  region size 1024K, 1 young (1024K), 1 survivors (1024K)
 Metaspace       used 55611K, committed 56384K, reserved 1114112K
  class space    used 6745K, committed 7040K, reserved 1048576K
}
Event: 241.456 GC heap before
{Heap before GC invocations=35 (full 0):
 garbage-first heap   total 156672K, used 114015K [0x000000009be00000, 0x0000000100000000)
  region size 1024K, 7 young (7168K), 1 survivors (1024K)
 Metaspace       used 55712K, committed 56512K, reserved 1114112K
  class space    used 6756K, committed 7040K, reserved 1048576K
}
Event: 241.470 GC heap after
{Heap after GC invocations=36 (full 0):
 garbage-first heap   total 156672K, used 107508K [0x000000009be00000, 0x0000000100000000)
  region size 1024K, 1 young (1024K), 1 survivors (1024K)
 Metaspace       used 55712K, committed 56512K, reserved 1114112K
  class space    used 6756K, committed 7040K, reserved 1048576K
}

